[29-Aug-2024 21:42:30 UTC] name=yujetyh&email=ryujrty%40ryujy.ryu&subject=yujetyh&message=rfmrtyjtry
[29-Aug-2024 21:43:25 UTC] PHP Warning:  error_log() expects parameter 1 to be string, array given in C:\xampp\htdocs\SimoTravel\wp-content\themes\LetsGoSimo\inc\email.php on line 60
[30-Aug-2024 09:25:54 UTC] Automatic updates starting...
[30-Aug-2024 09:25:55 UTC] Automatic updates complete.
[30-Aug-2024 16:37:54 UTC] Automatic updates starting...
[30-Aug-2024 16:37:55 UTC] Automatic updates complete.
[31-Aug-2024 15:42:21 UTC] Automatic updates starting...
[31-Aug-2024 15:42:21 UTC] Automatic updates complete.
[01-Sep-2024 11:20:39 UTC] Automatic updates starting...
[01-Sep-2024 11:20:40 UTC] Automatic updates complete.
[01-Sep-2024 14:25:56 UTC] PHP Warning:  call_user_func_array() expects parameter 1 to be a valid callback, function 'custom_ajax_script' not found or invalid function name in C:\xampp\htdocs\SimoTravel\wp-includes\class-wp-hook.php on line 324
[01-Sep-2024 15:53:07 UTC] PHP Warning:  error_log() expects parameter 1 to be string, array given in C:\xampp\htdocs\SimoTravel\wp-content\themes\LetsGoSimo\inc\email.php on line 58
[01-Sep-2024 16:04:46 UTC] PHP Deprecated:  Function print_emoji_styles is <strong>deprecated</strong> since version 6.4.0! Use wp_enqueue_emoji_styles instead. in C:\xampp\htdocs\SimoTravel\wp-includes\functions.php on line 6085
[01-Sep-2024 20:35:46 UTC] Automatic updates starting...
[01-Sep-2024 20:35:47 UTC] Automatic updates complete.
[02-Sep-2024 09:05:00 UTC] Automatic updates starting...
[02-Sep-2024 09:05:01 UTC] Automatic updates complete.
[02-Sep-2024 16:41:59 UTC] Automatic updates starting...
[02-Sep-2024 16:42:00 UTC] Automatic updates complete.
[03-Sep-2024 08:31:58 UTC] Automatic updates starting...
[03-Sep-2024 08:32:00 UTC] Automatic updates complete.
[03-Sep-2024 16:39:33 UTC] Automatic updates starting...
[03-Sep-2024 16:39:33 UTC] Automatic updates complete.
[04-Sep-2024 08:59:58 UTC] Automatic updates starting...
[04-Sep-2024 08:59:59 UTC] Automatic updates complete.
[04-Sep-2024 17:14:10 UTC] Automatic updates starting...
[04-Sep-2024 17:14:11 UTC] Automatic updates complete.
[05-Sep-2024 08:34:39 UTC] Automatic updates starting...
[05-Sep-2024 08:34:40 UTC] Automatic updates complete.
[05-Sep-2024 17:26:34 UTC] Automatic updates starting...
[05-Sep-2024 17:26:35 UTC] Automatic updates complete.
[06-Sep-2024 08:57:27 UTC] Automatic updates starting...
[06-Sep-2024 08:57:34 UTC] Automatic updates complete.
[06-Sep-2024 16:45:15 UTC] Automatic updates starting...
[06-Sep-2024 16:45:25 UTC] Automatic updates complete.
[07-Sep-2024 13:19:52 UTC] Automatic updates starting...
[07-Sep-2024 13:19:53 UTC] Automatic updates complete.
[08-Sep-2024 11:19:29 UTC] Automatic updates starting...
[08-Sep-2024 11:19:30 UTC] Automatic updates complete.
[08-Sep-2024 11:26:11 UTC] PHP Notice:  A non well formed numeric value encountered in C:\xampp\htdocs\SimoTravel\wp-content\themes\LetsGoSimo\single-excursions.php on line 105
[08-Sep-2024 11:30:20 UTC] PHP Notice:  A non well formed numeric value encountered in C:\xampp\htdocs\SimoTravel\wp-content\themes\LetsGoSimo\single-excursions.php on line 105
[08-Sep-2024 11:31:02 UTC] PHP Notice:  A non well formed numeric value encountered in C:\xampp\htdocs\SimoTravel\wp-content\themes\LetsGoSimo\single-excursions.php on line 105
[08-Sep-2024 11:36:49 UTC] PHP Notice:  A non well formed numeric value encountered in C:\xampp\htdocs\SimoTravel\wp-content\themes\LetsGoSimo\single-excursions.php on line 105
[08-Sep-2024 11:39:43 UTC] PHP Notice:  A non well formed numeric value encountered in C:\xampp\htdocs\SimoTravel\wp-content\themes\LetsGoSimo\single-excursions.php on line 105
[08-Sep-2024 11:40:14 UTC] PHP Notice:  A non well formed numeric value encountered in C:\xampp\htdocs\SimoTravel\wp-content\themes\LetsGoSimo\single-excursions.php on line 105
[08-Sep-2024 11:41:41 UTC] PHP Notice:  A non well formed numeric value encountered in C:\xampp\htdocs\SimoTravel\wp-content\themes\LetsGoSimo\single-excursions.php on line 105
[08-Sep-2024 11:42:04 UTC] PHP Notice:  A non well formed numeric value encountered in C:\xampp\htdocs\SimoTravel\wp-content\themes\LetsGoSimo\single-excursions.php on line 105
[08-Sep-2024 11:42:27 UTC] PHP Notice:  A non well formed numeric value encountered in C:\xampp\htdocs\SimoTravel\wp-content\themes\LetsGoSimo\single-excursions.php on line 105
[08-Sep-2024 11:42:51 UTC] PHP Notice:  A non well formed numeric value encountered in C:\xampp\htdocs\SimoTravel\wp-content\themes\LetsGoSimo\single-excursions.php on line 105
[08-Sep-2024 12:08:19 UTC] PHP Notice:  A non well formed numeric value encountered in C:\xampp\htdocs\SimoTravel\wp-content\themes\LetsGoSimo\single-excursions.php on line 105
[08-Sep-2024 12:09:24 UTC] PHP Notice:  A non well formed numeric value encountered in C:\xampp\htdocs\SimoTravel\wp-content\themes\LetsGoSimo\single-excursions.php on line 105
[08-Sep-2024 12:10:25 UTC] PHP Notice:  A non well formed numeric value encountered in C:\xampp\htdocs\SimoTravel\wp-content\themes\LetsGoSimo\single-excursions.php on line 105
[08-Sep-2024 12:11:42 UTC] PHP Notice:  A non well formed numeric value encountered in C:\xampp\htdocs\SimoTravel\wp-content\themes\LetsGoSimo\single-excursions.php on line 105
[08-Sep-2024 12:13:45 UTC] PHP Notice:  A non well formed numeric value encountered in C:\xampp\htdocs\SimoTravel\wp-content\themes\LetsGoSimo\single-excursions.php on line 105
[08-Sep-2024 12:14:11 UTC] PHP Notice:  A non well formed numeric value encountered in C:\xampp\htdocs\SimoTravel\wp-content\themes\LetsGoSimo\single-excursions.php on line 105
[08-Sep-2024 12:14:36 UTC] PHP Notice:  A non well formed numeric value encountered in C:\xampp\htdocs\SimoTravel\wp-content\themes\LetsGoSimo\single-excursions.php on line 105
[08-Sep-2024 12:15:00 UTC] PHP Notice:  A non well formed numeric value encountered in C:\xampp\htdocs\SimoTravel\wp-content\themes\LetsGoSimo\single-excursions.php on line 105
[08-Sep-2024 12:15:11 UTC] PHP Notice:  A non well formed numeric value encountered in C:\xampp\htdocs\SimoTravel\wp-content\themes\LetsGoSimo\single-excursions.php on line 105
